<?xml version="1.0" encoding="UTF-8"?>
<testng-results ignored="0" total="1" passed="1" failed="0" skipped="0">
  <reporter-output>
    <line>
      <![CDATA[LOG:INFO-Running before the class-Setting Up Browser]]>
    </line>
    <line>
      <![CDATA[LOG:INFO-Browser and Application up and running]]>
    </line>
    <line>
      <![CDATA[LOG:INFO-Running After the class-Closing the browser]]>
    </line>
    <line>
      <![CDATA[LOG:INFO-Browser Closed]]>
    </line>
  </reporter-output>
  <suite started-at="2023-12-05T19:29:14 GST" name="Suite" finished-at="2023-12-05T19:29:34 GST" duration-ms="20703">
    <groups>
    </groups>
    <test started-at="2023-12-05T19:29:14 GST" name="Test" finished-at="2023-12-05T19:29:34 GST" duration-ms="20703">
      <class name="testcases.LoginTest">
        <test-method is-config="true" signature="setup()[pri:0, instance:testcases.LoginTest@10a9d961]" started-at="2023-12-05T19:29:14 GST" name="setup" finished-at="2023-12-05T19:29:20 GST" duration-ms="6371" status="PASS">
          <reporter-output>
            <line>
              <![CDATA[LOG:INFO-Running before the class-Setting Up Browser]]>
            </line>
            <line>
              <![CDATA[LOG:INFO-Browser and Application up and running]]>
            </line>
          </reporter-output>
        </test-method> <!-- setup -->
        <test-method signature="login(java.lang.String,java.lang.String)[pri:0, instance:testcases.LoginTest@10a9d961]" started-at="2023-12-05T19:29:22 GST" name="login" data-provider="LoginData" finished-at="2023-12-05T19:29:34 GST" duration-ms="12002" status="PASS">
          <params>
            <param index="0">
              <value>
                <![CDATA[admin@email.com]]>
              </value>
            </param>
            <param index="1">
              <value>
                <![CDATA[admin@123]]>
              </value>
            </param>
          </params>
          <reporter-output>
          </reporter-output>
        </test-method> <!-- login -->
        <test-method is-config="true" signature="teardown()[pri:0, instance:testcases.LoginTest@10a9d961]" started-at="2023-12-05T19:29:34 GST" name="teardown" finished-at="2023-12-05T19:29:34 GST" duration-ms="411" status="PASS">
          <reporter-output>
            <line>
              <![CDATA[LOG:INFO-Running After the class-Closing the browser]]>
            </line>
            <line>
              <![CDATA[LOG:INFO-Browser Closed]]>
            </line>
          </reporter-output>
        </test-method> <!-- teardown -->
      </class> <!-- testcases.LoginTest -->
    </test> <!-- Test -->
  </suite> <!-- Suite -->
</testng-results>
